# JRE version: Java(TM) SE Runtime Environment (8.0_60-b27) (build 1.8.0_60-b27)
# Java VM: Java HotSpot(TM) 64-Bit Server VM (25.60-b23 mixed mode windows-amd64 compressed oops)
Heap:
 PSYoungGen      total 441344K, used 217782K [0x00000000d6f80000, 0x0000000100000000, 0x0000000100000000)
  eden space 217600K, 0% used [0x00000000d6f80000,0x00000000d6f80000,0x00000000e4400000)
  from space 223744K, 97% used [0x00000000e4400000,0x00000000f18ad918,0x00000000f1e80000)
  to   space 223744K, 0% used [0x00000000f2580000,0x00000000f2580000,0x0000000100000000)
 ParOldGen       total 1345024K, used 1283105K [0x0000000084e00000, 0x00000000d6f80000, 0x00000000d6f80000)
  object space 1345024K, 95% used [0x0000000084e00000,0x00000000d33086f8,0x00000000d6f80000)
 Metaspace       used 2616K, capacity 4600K, committed 4864K, reserved 1056768K
  class space    used 295K, capacity 424K, committed 512K, reserved 1048576K
GC Heap History (10 events):
Event: 8.035 GC heap after
Heap after GC invocations=16 (full 4):
 PSYoungGen      total 391680K, used 128121K [0x00000000d6f80000, 0x00000000fce80000, 0x0000000100000000)
  eden space 167936K, 0% used [0x00000000d6f80000,0x00000000d6f80000,0x00000000e1380000)
  from space 223744K, 57% used [0x00000000eee00000,0x00000000f6b1e618,0x00000000fc880000)
  to   space 223744K, 0% used [0x00000000e1380000,0x00000000e1380000,0x00000000eee00000)
 ParOldGen       total 881664K, used 849729K [0x0000000084e00000, 0x00000000bab00000, 0x00000000d6f80000)
  object space 881664K, 96% used [0x0000000084e00000,0x00000000b8bd0448,0x00000000bab00000)
 Metaspace       used 2616K, capacity 4600K, committed 4864K, reserved 1056768K
  class space    used 295K, capacity 424K, committed 512K, reserved 1048576K
}
Event: 8.035 GC heap before
{Heap before GC invocations=17 (full 5):
 PSYoungGen      total 391680K, used 128121K [0x00000000d6f80000, 0x00000000fce80000, 0x0000000100000000)
  eden space 167936K, 0% used [0x00000000d6f80000,0x00000000d6f80000,0x00000000e1380000)
  from space 223744K, 57% used [0x00000000eee00000,0x00000000f6b1e618,0x00000000fc880000)
  to   space 223744K, 0% used [0x00000000e1380000,0x00000000e1380000,0x00000000eee00000)
 ParOldGen       total 881664K, used 849729K [0x0000000084e00000, 0x00000000bab00000, 0x00000000d6f80000)
  object space 881664K, 96% used [0x0000000084e00000,0x00000000b8bd0448,0x00000000bab00000)
 Metaspace       used 2616K, capacity 4600K, committed 4864K, reserved 1056768K
  class space    used 295K, capacity 424K, committed 512K, reserved 1048576K
Event: 11.468 GC heap after
Heap after GC invocations=17 (full 5):
 PSYoungGen      total 391680K, used 64524K [0x00000000d6f80000, 0x00000000fce80000, 0x0000000100000000)
  eden space 167936K, 0% used [0x00000000d6f80000,0x00000000d6f80000,0x00000000e1380000)
  from space 223744K, 28% used [0x00000000eee00000,0x00000000f2d03350,0x00000000fc880000)
  to   space 223744K, 0% used [0x00000000e1380000,0x00000000e1380000,0x00000000eee00000)
 ParOldGen       total 1345024K, used 881425K [0x0000000084e00000, 0x00000000d6f80000, 0x00000000d6f80000)
  object space 1345024K, 65% used [0x0000000084e00000,0x00000000baac46f8,0x00000000d6f80000)
 Metaspace       used 2616K, capacity 4600K, committed 4864K, reserved 1056768K
  class space    used 295K, capacity 424K, committed 512K, reserved 1048576K
}
Event: 11.556 GC heap before
{Heap before GC invocations=18 (full 5):
 PSYoungGen      total 391680K, used 232460K [0x00000000d6f80000, 0x00000000fce80000, 0x0000000100000000)
  eden space 167936K, 100% used [0x00000000d6f80000,0x00000000e1380000,0x00000000e1380000)
  from space 223744K, 28% used [0x00000000eee00000,0x00000000f2d03350,0x00000000fc880000)
  to   space 223744K, 0% used [0x00000000e1380000,0x00000000e1380000,0x00000000eee00000)
 ParOldGen       total 1345024K, used 881425K [0x0000000084e00000, 0x00000000d6f80000, 0x00000000d6f80000)
  object space 1345024K, 65% used [0x0000000084e00000,0x00000000baac46f8,0x00000000d6f80000)
 Metaspace       used 2616K, capacity 4600K, committed 4864K, reserved 1056768K
  class space    used 295K, capacity 424K, committed 512K, reserved 1048576K
Event: 12.286 GC heap after
Heap after GC invocations=18 (full 5):
 PSYoungGen      total 391680K, used 168128K [0x00000000d6f80000, 0x00000000ff900000, 0x0000000100000000)
  eden space 167936K, 0% used [0x00000000d6f80000,0x00000000d6f80000,0x00000000e1380000)
  from space 223744K, 75% used [0x00000000e1380000,0x00000000eb7b0000,0x00000000eee00000)
  to   space 223744K, 0% used [0x00000000f1e80000,0x00000000f1e80000,0x00000000ff900000)
 ParOldGen       total 1345024K, used 946201K [0x0000000084e00000, 0x00000000d6f80000, 0x00000000d6f80000)
  object space 1345024K, 70% used [0x0000000084e00000,0x00000000bea066f8,0x00000000d6f80000)
 Metaspace       used 2616K, capacity 4600K, committed 4864K, reserved 1056768K
  class space    used 295K, capacity 424K, committed 512K, reserved 1048576K
}
Event: 12.367 GC heap before
{Heap before GC invocations=19 (full 5):
 PSYoungGen      total 391680K, used 336064K [0x00000000d6f80000, 0x00000000ff900000, 0x0000000100000000)
  eden space 167936K, 100% used [0x00000000d6f80000,0x00000000e1380000,0x00000000e1380000)
  from space 223744K, 75% used [0x00000000e1380000,0x00000000eb7b0000,0x00000000eee00000)
  to   space 223744K, 0% used [0x00000000f1e80000,0x00000000f1e80000,0x00000000ff900000)
 ParOldGen       total 1345024K, used 946201K [0x0000000084e00000, 0x00000000d6f80000, 0x00000000d6f80000)
  object space 1345024K, 70% used [0x0000000084e00000,0x00000000bea066f8,0x00000000d6f80000)
 Metaspace       used 2616K, capacity 4600K, committed 4864K, reserved 1056768K
  class space    used 295K, capacity 424K, committed 512K, reserved 1048576K
Event: 13.294 GC heap after
Heap after GC invocations=19 (full 5):
 PSYoungGen      total 441344K, used 168160K [0x00000000d6f80000, 0x0000000100000000, 0x0000000100000000)
  eden space 217600K, 0% used [0x00000000d6f80000,0x00000000d6f80000,0x00000000e4400000)
  from space 223744K, 75% used [0x00000000f1e80000,0x00000000fc2b8000,0x00000000ff900000)
  to   space 223744K, 0% used [0x00000000e4400000,0x00000000e4400000,0x00000000f1e80000)
 ParOldGen       total 1345024K, used 1114761K [0x0000000084e00000, 0x00000000d6f80000, 0x00000000d6f80000)
  object space 1345024K, 82% used [0x0000000084e00000,0x00000000c8ea26f8,0x00000000d6f80000)
 Metaspace       used 2616K, capacity 4600K, committed 4864K, reserved 1056768K
  class space    used 295K, capacity 424K, committed 512K, reserved 1048576K
}
Event: 13.369 GC heap before
{Heap before GC invocations=20 (full 5):
 PSYoungGen      total 441344K, used 385760K [0x00000000d6f80000, 0x0000000100000000, 0x0000000100000000)
  eden space 217600K, 100% used [0x00000000d6f80000,0x00000000e4400000,0x00000000e4400000)
  from space 223744K, 75% used [0x00000000f1e80000,0x00000000fc2b8000,0x00000000ff900000)
  to   space 223744K, 0% used [0x00000000e4400000,0x00000000e4400000,0x00000000f1e80000)
 ParOldGen       total 1345024K, used 1114761K [0x0000000084e00000, 0x00000000d6f80000, 0x00000000d6f80000)
  object space 1345024K, 82% used [0x0000000084e00000,0x00000000c8ea26f8,0x00000000d6f80000)
 Metaspace       used 2616K, capacity 4600K, committed 4864K, reserved 1056768K
  class space    used 295K, capacity 424K, committed 512K, reserved 1048576K
Event: 13.674 GC heap after
Heap after GC invocations=20 (full 5):
 PSYoungGen      total 441344K, used 217782K [0x00000000d6f80000, 0x0000000100000000, 0x0000000100000000)
  eden space 217600K, 0% used [0x00000000d6f80000,0x00000000d6f80000,0x00000000e4400000)
  from space 223744K, 97% used [0x00000000e4400000,0x00000000f18ad918,0x00000000f1e80000)
  to   space 223744K, 0% used [0x00000000f2580000,0x00000000f2580000,0x0000000100000000)
 ParOldGen       total 1345024K, used 1283105K [0x0000000084e00000, 0x00000000d6f80000, 0x00000000d6f80000)
  object space 1345024K, 95% used [0x0000000084e00000,0x00000000d33086f8,0x00000000d6f80000)
 Metaspace       used 2616K, capacity 4600K, committed 4864K, reserved 1056768K
  class space    used 295K, capacity 424K, committed 512K, reserved 1048576K
}
Event: 13.674 GC heap before
{Heap before GC invocations=21 (full 6):
 PSYoungGen      total 441344K, used 217782K [0x00000000d6f80000, 0x0000000100000000, 0x0000000100000000)
  eden space 217600K, 0% used [0x00000000d6f80000,0x00000000d6f80000,0x00000000e4400000)
  from space 223744K, 97% used [0x00000000e4400000,0x00000000f18ad918,0x00000000f1e80000)
  to   space 223744K, 0% used [0x00000000f2580000,0x00000000f2580000,0x0000000100000000)
 ParOldGen       total 1345024K, used 1283105K [0x0000000084e00000, 0x00000000d6f80000, 0x00000000d6f80000)
  object space 1345024K, 95% used [0x0000000084e00000,0x00000000d33086f8,0x00000000d6f80000)
 Metaspace       used 2616K, capacity 4600K, committed 4864K, reserved 1056768K
  class space    used 295K, capacity 424K, committed 512K, reserved 1048576K

